# hmmsearch :: search profile(s) against a sequence database
# HMMER 3.3.2 (Nov 2020); http://hmmer.org/
# Copyright (C) 2020 Howard Hughes Medical Institute.
# Freely distributed under the BSD open source license.
# - - - - - - - - - - - - - - - - - - - - - - - - - - - - - - - - - - - -
# query HMM file:                  data/panther/17.0/famhmm/binHmm
# target sequence database:        /home/ana/Desktop/Brucelosis_TP_Integrador/04_gene_prediction/temp/ana-MAX-L5_20251113_203937784_5abk//jobPanther/000000000001_000000000007.fasta
# output directed to file:         /home/ana/Desktop/Brucelosis_TP_Integrador/04_gene_prediction/temp/ana-MAX-L5_20251113_203937784_5abk//jobPanther/000000000001_000000000007.raw.out
# per-dom hits tabular output:     /home/ana/Desktop/Brucelosis_TP_Integrador/04_gene_prediction/temp/ana-MAX-L5_20251113_203937784_5abk//jobPanther/000000000001_000000000007.raw.domtblout.out
# max ASCII text line length:      unlimited
# sequence reporting threshold:    E-value <= 0.001
# domain reporting threshold:      E-value <= 1e-08
# domain inclusion threshold:      E-value <= 1e-08
# sequence search space set to:    65000000
# number of worker threads:        1
# - - - - - - - - - - - - - - - - - - - - - - - - - - - - - - - - - - - -

Query:       PTHR23076.orig.30.pir  [M=683]
Scores for complete sequences (score includes all domains):
   --- full sequence ---   --- best 1 domain ---    -#dom-
    E-value  score  bias    E-value  score  bias    exp  N  Sequence Description
    ------- ------ -----    ------- ------ -----   ---- --  -------- -----------

   [No hits detected that satisfy reporting thresholds]


Domain annotation for each sequence (and alignments):

   [No targets detected that satisfy reporting thresholds]


Internal pipeline statistics summary:
-------------------------------------
Query model(s):                            1  (683 nodes)
Target sequences:                          7  (1137 residues searched)
Passed MSV filter:                         0  (0); expected 0.1 (0.02)
Passed bias filter:                        0  (0); expected 0.1 (0.02)
Passed Vit filter:                         0  (0); expected 0.0 (0.001)
Passed Fwd filter:                         0  (0); expected 0.0 (1e-05)
Initial search space (Z):           65000000  [as set by --Z on cmdline]
Domain search space  (domZ):               0  [number of targets reported over threshold]
# CPU time: 0.00u 0.00s 00:00:00.00 Elapsed: 00:00:00.00
# Mc/sec: 354.71
//
Query:       PTHR11707.orig.30.pir  [M=405]
Scores for complete sequences (score includes all domains):
   --- full sequence ---   --- best 1 domain ---    -#dom-
    E-value  score  bias    E-value  score  bias    exp  N  Sequence Description
    ------- ------ -----    ------- ------ -----   ---- --  -------- -----------

   [No hits detected that satisfy reporting thresholds]


Domain annotation for each sequence (and alignments):

   [No targets detected that satisfy reporting thresholds]


Internal pipeline statistics summary:
-------------------------------------
Query model(s):                            1  (405 nodes)
Target sequences:                          7  (1137 residues searched)
Passed MSV filter:                         0  (0); expected 0.1 (0.02)
Passed bias filter:                        0  (0); expected 0.1 (0.02)
Passed Vit filter:                         0  (0); expected 0.0 (0.001)
Passed Fwd filter:                         0  (0); expected 0.0 (1e-05)
Initial search space (Z):           65000000  [as set by --Z on cmdline]
Domain search space  (domZ):               0  [number of targets reported over threshold]
# CPU time: 0.00u 0.00s 00:00:00.00 Elapsed: 00:00:00.00
# Mc/sec: 393.74
//
Query:       PTHR11589.orig.30.pir  [M=246]
Scores for complete sequences (score includes all domains):
   --- full sequence ---   --- best 1 domain ---    -#dom-
    E-value  score  bias    E-value  score  bias    exp  N  Sequence Description
    ------- ------ -----    ------- ------ -----   ---- --  -------- -----------

   [No hits detected that satisfy reporting thresholds]


Domain annotation for each sequence (and alignments):

   [No targets detected that satisfy reporting thresholds]


Internal pipeline statistics summary:
-------------------------------------
Query model(s):                            1  (246 nodes)
Target sequences:                          7  (1137 residues searched)
Passed MSV filter:                         0  (0); expected 0.1 (0.02)
Passed bias filter:                        0  (0); expected 0.1 (0.02)
Passed Vit filter:                         0  (0); expected 0.0 (0.001)
Passed Fwd filter:                         0  (0); expected 0.0 (1e-05)
Initial search space (Z):           65000000  [as set by --Z on cmdline]
Domain search space  (domZ):               0  [number of targets reported over threshold]
# CPU time: 0.00u 0.00s 00:00:00.00 Elapsed: 00:00:00.00
# Mc/sec: 304.85
//
[ok]
