Sn; 1
Si; Fasta sequence
1TBS
1TBN NO SIGNIFICANT RESULTS ABOVE 0.0001    
1TBF
2TBS
2TBT FingerPrint     No.Motifs SumId    AveId    ProfScore  Ppvalue     Evalue      GraphScan               
2TBF
3TBS
3TBT MotifName       No.Mots   IdScore PfScore Pvalue    Sequence                                                Len  low  pos   high 
3TBF
Sn; 2
Si; Fasta sequence
1TBS
1TBN NO SIGNIFICANT RESULTS ABOVE 0.0001    
1TBF
2TBS
2TBT FingerPrint     No.Motifs SumId    AveId    ProfScore  Ppvalue     Evalue      GraphScan               
2TBF
3TBS
3TBT MotifName       No.Mots   IdScore PfScore Pvalue    Sequence                                                Len  low  pos   high 
3TBF
Sn; 3
Si; Fasta sequence
1TBS
1TBN NO SIGNIFICANT RESULTS ABOVE 0.0001    
1TBF
2TBS
2TBT FingerPrint     No.Motifs SumId    AveId    ProfScore  Ppvalue     Evalue      GraphScan               
2TBF
3TBS
3TBT MotifName       No.Mots   IdScore PfScore Pvalue    Sequence                                                Len  low  pos   high 
3TBF
Sn; 4
Si; Fasta sequence
1TBS
1TBN NO SIGNIFICANT RESULTS ABOVE 0.0001    
1TBF
2TBS
2TBT FingerPrint     No.Motifs SumId    AveId    ProfScore  Ppvalue     Evalue      GraphScan               
2TBF
3TBS
3TBT MotifName       No.Mots   IdScore PfScore Pvalue    Sequence                                                Len  low  pos   high 
3TBF
Sn; 5
Si; Fasta sequence
1TBS
1TBN NO SIGNIFICANT RESULTS ABOVE 0.0001    
1TBF
2TBS
2TBT FingerPrint     No.Motifs SumId    AveId    ProfScore  Ppvalue     Evalue      GraphScan               
2TBF
3TBS
3TBT MotifName       No.Mots   IdScore PfScore Pvalue    Sequence                                                Len  low  pos   high 
3TBF
Sn; 6
Si; Fasta sequence
1TBS
1TBN NO SIGNIFICANT RESULTS ABOVE 0.0001    
1TBF
2TBS
2TBT FingerPrint     No.Motifs SumId    AveId    ProfScore  Ppvalue     Evalue      GraphScan               
2TBF
3TBS
3TBT MotifName       No.Mots   IdScore PfScore Pvalue    Sequence                                                Len  low  pos   high 
3TBF
Sn; 7
Si; Fasta sequence
1TBS
1TBN NO SIGNIFICANT RESULTS ABOVE 0.0001    
1TBF
2TBS
2TBT FingerPrint     No.Motifs SumId    AveId    ProfScore  Ppvalue     Evalue      GraphScan               
2TBF
3TBS
3TBT MotifName       No.Mots   IdScore PfScore Pvalue    Sequence                                                Len  low  pos   high 
3TBF
