Discrepancy Report Results

Summary
FATAL: MISSING_PROTEIN_ID:26 proteins have invalid IDs.
DISC_SOURCE_QUALS_ASNDISC:strain (all present, all unique)
DISC_SOURCE_QUALS_ASNDISC:taxname (all present, all unique)
DISC_FEATURE_COUNT:gene: 26 present
DISC_FEATURE_COUNT:CDS: 26 present
DISC_COUNT_NUCLEOTIDES:1 nucleotide Bioseqs are present
OVERLAPPING_GENES:4 genes overlap another gene on the same strand.
SUSPECT_PRODUCT_NAMES:1 product_names contain suspect phrase or characters
	use protein instead of gene as appropriate
		1 features contains 'genes'
DISC_QUALITY_SCORES:Quality scores are missing on all sequences.
ONCALLER_COMMENT_PRESENT:1 comment descriptors were found (all same)
MISSING_GENOMEASSEMBLY_COMMENTS:1 bioseqs are missing GenomeAssembly structured comments
MOLTYPE_NOT_MRNA:1 molecule types are not set as mRNA.
TECHNIQUE_NOT_TSA:1 technique are not set as TSA
MISSING_STRUCTURED_COMMENT:1 sequences do not include structured comments.
MISSING_PROJECT:27 sequences do not include project.
DISC_INCONSISTENT_MOLINFO_TECH:Molinfo Technique Report (some missing, all same)
SEQ_ID_PHRASES:Sequence Ids contain unacceptable phrases (cov_, length, node, paired, or trimmed)


Detailed Report

FATAL: DiscRep_ALL:MISSING_PROTEIN_ID::26 proteins have invalid IDs.
prokka_annotation/brucella_suis:NODE_1_length_30000_cov_158.511780_1 (length 50)
prokka_annotation/brucella_suis:NODE_1_length_30000_cov_158.511780_2 (length 319)
prokka_annotation/brucella_suis:NODE_1_length_30000_cov_158.511780_3 (length 136)
prokka_annotation/brucella_suis:NODE_1_length_30000_cov_158.511780_4 (length 426)
prokka_annotation/brucella_suis:NODE_1_length_30000_cov_158.511780_5 (length 317)
prokka_annotation/brucella_suis:NODE_1_length_30000_cov_158.511780_6 (length 114)
prokka_annotation/brucella_suis:NODE_1_length_30000_cov_158.511780_7 (length 54)
prokka_annotation/brucella_suis:NODE_1_length_30000_cov_158.511780_8 (length 530)
prokka_annotation/brucella_suis:NODE_1_length_30000_cov_158.511780_9 (length 295)
prokka_annotation/brucella_suis:NODE_1_length_30000_cov_158.511780_10 (length 471)
prokka_annotation/brucella_suis:NODE_1_length_30000_cov_158.511780_11 (length 477)
prokka_annotation/brucella_suis:NODE_1_length_30000_cov_158.511780_12 (length 368)
prokka_annotation/brucella_suis:NODE_1_length_30000_cov_158.511780_13 (length 451)
prokka_annotation/brucella_suis:NODE_1_length_30000_cov_158.511780_14 (length 497)
prokka_annotation/brucella_suis:NODE_1_length_30000_cov_158.511780_15 (length 357)
prokka_annotation/brucella_suis:NODE_1_length_30000_cov_158.511780_16 (length 317)
prokka_annotation/brucella_suis:NODE_1_length_30000_cov_158.511780_17 (length 499)
prokka_annotation/brucella_suis:NODE_1_length_30000_cov_158.511780_18 (length 57)
prokka_annotation/brucella_suis:NODE_1_length_30000_cov_158.511780_19 (length 208)
prokka_annotation/brucella_suis:NODE_1_length_30000_cov_158.511780_20 (length 429)
prokka_annotation/brucella_suis:NODE_1_length_30000_cov_158.511780_21 (length 191)
prokka_annotation/brucella_suis:NODE_1_length_30000_cov_158.511780_22 (length 210)
prokka_annotation/brucella_suis:NODE_1_length_30000_cov_158.511780_23 (length 520)
prokka_annotation/brucella_suis:NODE_1_length_30000_cov_158.511780_24 (length 418)
prokka_annotation/brucella_suis:NODE_1_length_30000_cov_158.511780_25 (length 76)
prokka_annotation/brucella_suis:NODE_1_length_30000_cov_158.511780_26 (length 352)

DiscRep_ALL:DISC_SOURCE_QUALS_ASNDISC::strain (all present, all unique)
DiscRep_SUB:DISC_SOURCE_QUALS_ASNDISC::1 sources have unique values for strain
DiscRep_ALL:DISC_SOURCE_QUALS_ASNDISC::taxname (all present, all unique)
DiscRep_SUB:DISC_SOURCE_QUALS_ASNDISC::1 sources have unique values for taxname
DiscRep_ALL:DISC_FEATURE_COUNT::gene: 26 present
DiscRep_ALL:DISC_FEATURE_COUNT::CDS: 26 present
DiscRep_ALL:DISC_COUNT_NUCLEOTIDES::1 nucleotide Bioseqs are present
prokka_annotation/brucella_suis:NODE_1_length_30000_cov_158.511780 (length 30000)

DiscRep_ALL:OVERLAPPING_GENES::4 genes overlap another gene on the same strand.
prokka_annotation/brucella_suis:Gene	algA	NODE_1_length_30000_cov_158.511780:c11349-9934	BRUC_00010
prokka_annotation/brucella_suis:Gene	glmM	NODE_1_length_30000_cov_158.511780:c12779-11346	BRUC_00011
prokka_annotation/brucella_suis:Gene	BRUC_00021	NODE_1_length_30000_cov_158.511780:23637-24212	BRUC_00021
prokka_annotation/brucella_suis:Gene	mqnB	NODE_1_length_30000_cov_158.511780:24209-24841	BRUC_00022

DiscRep_ALL:SUSPECT_PRODUCT_NAMES::1 product_names contain suspect phrase or characters
DiscRep_SUB:SUSPECT_PRODUCT_NAMES::use protein instead of gene as appropriate
DiscRep_SUB:SUSPECT_PRODUCT_NAMES::1 features contains 'genes'
prokka_annotation/brucella_suis:CDS	Hydrogen peroxide-inducible genes activator	NODE_1_length_30000_cov_158.511780:c19372-18419	BRUC_00016

DiscRep_ALL:DISC_QUALITY_SCORES::Quality scores are missing on all sequences.

DiscRep_ALL:ONCALLER_COMMENT_PRESENT::1 comment descriptors were found (all same)
prokka_annotation/brucella_suis:NODE_1_length_30000_cov_158.511780:Annotated using prokka 1.14.6 from https://github.com/tseemann/prokka

DiscRep_ALL:MISSING_GENOMEASSEMBLY_COMMENTS::1 bioseqs are missing GenomeAssembly structured comments
prokka_annotation/brucella_suis:NODE_1_length_30000_cov_158.511780 (length 30000)

DiscRep_ALL:MOLTYPE_NOT_MRNA::1 molecule types are not set as mRNA.
prokka_annotation/brucella_suis:NODE_1_length_30000_cov_158.511780 (length 30000)

DiscRep_ALL:TECHNIQUE_NOT_TSA::1 technique are not set as TSA
prokka_annotation/brucella_suis:NODE_1_length_30000_cov_158.511780 (length 30000)

DiscRep_ALL:MISSING_STRUCTURED_COMMENT::1 sequences do not include structured comments.
prokka_annotation/brucella_suis:NODE_1_length_30000_cov_158.511780 (length 30000)

DiscRep_ALL:MISSING_PROJECT::27 sequences do not include project.
prokka_annotation/brucella_suis:NODE_1_length_30000_cov_158.511780 (length 30000)
prokka_annotation/brucella_suis:NODE_1_length_30000_cov_158.511780_1 (length 50)
prokka_annotation/brucella_suis:NODE_1_length_30000_cov_158.511780_2 (length 319)
prokka_annotation/brucella_suis:NODE_1_length_30000_cov_158.511780_3 (length 136)
prokka_annotation/brucella_suis:NODE_1_length_30000_cov_158.511780_4 (length 426)
prokka_annotation/brucella_suis:NODE_1_length_30000_cov_158.511780_5 (length 317)
prokka_annotation/brucella_suis:NODE_1_length_30000_cov_158.511780_6 (length 114)
prokka_annotation/brucella_suis:NODE_1_length_30000_cov_158.511780_7 (length 54)
prokka_annotation/brucella_suis:NODE_1_length_30000_cov_158.511780_8 (length 530)
prokka_annotation/brucella_suis:NODE_1_length_30000_cov_158.511780_9 (length 295)
prokka_annotation/brucella_suis:NODE_1_length_30000_cov_158.511780_10 (length 471)
prokka_annotation/brucella_suis:NODE_1_length_30000_cov_158.511780_11 (length 477)
prokka_annotation/brucella_suis:NODE_1_length_30000_cov_158.511780_12 (length 368)
prokka_annotation/brucella_suis:NODE_1_length_30000_cov_158.511780_13 (length 451)
prokka_annotation/brucella_suis:NODE_1_length_30000_cov_158.511780_14 (length 497)
prokka_annotation/brucella_suis:NODE_1_length_30000_cov_158.511780_15 (length 357)
prokka_annotation/brucella_suis:NODE_1_length_30000_cov_158.511780_16 (length 317)
prokka_annotation/brucella_suis:NODE_1_length_30000_cov_158.511780_17 (length 499)
prokka_annotation/brucella_suis:NODE_1_length_30000_cov_158.511780_18 (length 57)
prokka_annotation/brucella_suis:NODE_1_length_30000_cov_158.511780_19 (length 208)
prokka_annotation/brucella_suis:NODE_1_length_30000_cov_158.511780_20 (length 429)
prokka_annotation/brucella_suis:NODE_1_length_30000_cov_158.511780_21 (length 191)
prokka_annotation/brucella_suis:NODE_1_length_30000_cov_158.511780_22 (length 210)
prokka_annotation/brucella_suis:NODE_1_length_30000_cov_158.511780_23 (length 520)
prokka_annotation/brucella_suis:NODE_1_length_30000_cov_158.511780_24 (length 418)
prokka_annotation/brucella_suis:NODE_1_length_30000_cov_158.511780_25 (length 76)
prokka_annotation/brucella_suis:NODE_1_length_30000_cov_158.511780_26 (length 352)

DiscRep_ALL:DISC_INCONSISTENT_MOLINFO_TECH::Molinfo Technique Report (some missing, all same)
DiscRep_SUB:DISC_INCONSISTENT_MOLINFO_TECH::technique (all missing)
DiscRep_SUB:DISC_INCONSISTENT_MOLINFO_TECH::1 Molinfos are missing field technique
prokka_annotation/brucella_suis:NODE_1_length_30000_cov_158.511780 (length 30000)

DiscRep_ALL:SEQ_ID_PHRASES::Sequence Ids contain unacceptable phrases (cov_, length, node, paired, or trimmed)

