#Post-RPSBLAST Processing Utility

#Input data file:	/home/ana/Desktop/Brucelosis_TP_Integrador/04_gene_prediction/temp/ana-MAX-L5_20251113_203937784_5abk//jobCDD/000000000001_000000000007.blast.raw.out
#Output data file:	(stdout)
#Annotation data at:	data/cdd/3.18/data
#E-Value cutoff:	0.01
#Redundancy:	Standard
#Data requested:	Domain hits and site annotations
#Output format -- tab-delimited table
#Show superfamilies: NO
#DATA
#SESSION	<session-ordinal>	<program>	<database>	<score-matrix>	<evalue-threshold>
#QUERY	<query-id>	<seq-type>	<seq-length>	<definition-line>
#DOMAINS
#<session-ordinal>	<query-id[readingframe]>	<hit-type>	<PSSM-ID>	<from>	<to>	<E-Value>	<bitscore>	<accession>	<short-name>	<incomplete>	<superfamily PSSM-ID>
#more such lines......
#ENDDOMAINS
#SITES
#<session-ordinal>	<query-id[readingframe]>	<annot-type>	<title>	<residue(coordinates)>	<complete-size>	<mapped-size>	<source-domain>
#more such lines......
#ENDSITES
#MOTIFS
#<session-ordinal>	<query-id[readingframe]>	<title>	<from>	<to>	<source-domain>
#more such lines......
#ENDMOTIFS
#ENDQUERY	<query-id>
#more query sections..
#ENDSESSION	<session-ordinal>
#more session sections..
#ENDDATA
#=====================================================================
DATA
SESSION	1	blastp	2.12.0+	data/cdd/3.18/db/Cdd_NCBI	BLOSUM62	0.01
ENDSESSION	1
ENDDATA
