# hmmsearch :: search profile(s) against a sequence database
# HMMER 3.3.2 (Nov 2020); http://hmmer.org/
# Copyright (C) 2020 Howard Hughes Medical Institute.
# Freely distributed under the BSD open source license.
# - - - - - - - - - - - - - - - - - - - - - - - - - - - - - - - - - - - -
# query HMM file:                  data/gene3d/4.3.0/gene3d_main.hmm
# target sequence database:        /home/ana/Desktop/Brucelosis_TP_Integrador/04_gene_prediction/temp/ana-MAX-L5_20251113_203937784_5abk//jobGene3d/000000000001_000000000007.fasta
# output directed to file:         /home/ana/Desktop/Brucelosis_TP_Integrador/04_gene_prediction/temp/ana-MAX-L5_20251113_203937784_5abk//jobGene3d/000000000001_000000000007.raw.out
# per-dom hits tabular output:     /home/ana/Desktop/Brucelosis_TP_Integrador/04_gene_prediction/temp/ana-MAX-L5_20251113_203937784_5abk//jobGene3d/000000000001_000000000007.raw.domtblout.out
# sequence reporting threshold:    E-value <= 0.001
# sequence search space set to:    65245
# number of worker threads:        1
# - - - - - - - - - - - - - - - - - - - - - - - - - - - - - - - - - - - -

Query:       1o7jA01-i1  [M=218]
Scores for complete sequences (score includes all domains):
   --- full sequence ---   --- best 1 domain ---    -#dom-
    E-value  score  bias    E-value  score  bias    exp  N  Sequence Description
    ------- ------ -----    ------- ------ -----   ---- --  -------- -----------

   [No hits detected that satisfy reporting thresholds]


Domain annotation for each sequence (and alignments):

   [No targets detected that satisfy reporting thresholds]


Internal pipeline statistics summary:
-------------------------------------
Query model(s):                            1  (218 nodes)
Target sequences:                          7  (1137 residues searched)
Passed MSV filter:                         0  (0); expected 0.1 (0.02)
Passed bias filter:                        0  (0); expected 0.1 (0.02)
Passed Vit filter:                         0  (0); expected 0.0 (0.001)
Passed Fwd filter:                         0  (0); expected 0.0 (1e-05)
Initial search space (Z):              65245  [as set by --Z on cmdline]
Domain search space  (domZ):               0  [number of targets reported over threshold]
# CPU time: 0.00u 0.00s 00:00:00.00 Elapsed: 00:00:00.00
# Mc/sec: 102.48
//
Query:       1o7jA02-i2  [M=109]
Scores for complete sequences (score includes all domains):
   --- full sequence ---   --- best 1 domain ---    -#dom-
    E-value  score  bias    E-value  score  bias    exp  N  Sequence Description
    ------- ------ -----    ------- ------ -----   ---- --  -------- -----------

   [No hits detected that satisfy reporting thresholds]


Domain annotation for each sequence (and alignments):

   [No targets detected that satisfy reporting thresholds]


Internal pipeline statistics summary:
-------------------------------------
Query model(s):                            1  (109 nodes)
Target sequences:                          7  (1137 residues searched)
Passed MSV filter:                         0  (0); expected 0.1 (0.02)
Passed bias filter:                        0  (0); expected 0.1 (0.02)
Passed Vit filter:                         0  (0); expected 0.0 (0.001)
Passed Fwd filter:                         0  (0); expected 0.0 (1e-05)
Initial search space (Z):              65245  [as set by --Z on cmdline]
Domain search space  (domZ):               0  [number of targets reported over threshold]
# CPU time: 0.00u 0.00s 00:00:00.00 Elapsed: 00:00:00.00
# Mc/sec: 103.63
//
Query:       1udkA00-i1  [M=51]
Scores for complete sequences (score includes all domains):
   --- full sequence ---   --- best 1 domain ---    -#dom-
    E-value  score  bias    E-value  score  bias    exp  N  Sequence Description
    ------- ------ -----    ------- ------ -----   ---- --  -------- -----------

   [No hits detected that satisfy reporting thresholds]


Domain annotation for each sequence (and alignments):

   [No targets detected that satisfy reporting thresholds]


Internal pipeline statistics summary:
-------------------------------------
Query model(s):                            1  (51 nodes)
Target sequences:                          7  (1137 residues searched)
Passed MSV filter:                         0  (0); expected 0.1 (0.02)
Passed bias filter:                        0  (0); expected 0.1 (0.02)
Passed Vit filter:                         0  (0); expected 0.0 (0.001)
Passed Fwd filter:                         0  (0); expected 0.0 (1e-05)
Initial search space (Z):              65245  [as set by --Z on cmdline]
Domain search space  (domZ):               0  [number of targets reported over threshold]
# CPU time: 0.00u 0.00s 00:00:00.00 Elapsed: 00:00:00.00
# Mc/sec: 89.57
//
Query:       2wltA02-i1  [M=112]
Scores for complete sequences (score includes all domains):
   --- full sequence ---   --- best 1 domain ---    -#dom-
    E-value  score  bias    E-value  score  bias    exp  N  Sequence Description
    ------- ------ -----    ------- ------ -----   ---- --  -------- -----------

   [No hits detected that satisfy reporting thresholds]


Domain annotation for each sequence (and alignments):

   [No targets detected that satisfy reporting thresholds]


Internal pipeline statistics summary:
-------------------------------------
Query model(s):                            1  (112 nodes)
Target sequences:                          7  (1137 residues searched)
Passed MSV filter:                         0  (0); expected 0.1 (0.02)
Passed bias filter:                        0  (0); expected 0.1 (0.02)
Passed Vit filter:                         0  (0); expected 0.0 (0.001)
Passed Fwd filter:                         0  (0); expected 0.0 (1e-05)
Initial search space (Z):              65245  [as set by --Z on cmdline]
Domain search space  (domZ):               0  [number of targets reported over threshold]
# CPU time: 0.00u 0.00s 00:00:00.00 Elapsed: 00:00:00.00
# Mc/sec: 122.62
//
Query:       2z7fI00-i1  [M=50]
Scores for complete sequences (score includes all domains):
   --- full sequence ---   --- best 1 domain ---    -#dom-
    E-value  score  bias    E-value  score  bias    exp  N  Sequence Description
    ------- ------ -----    ------- ------ -----   ---- --  -------- -----------

   [No hits detected that satisfy reporting thresholds]


Domain annotation for each sequence (and alignments):

   [No targets detected that satisfy reporting thresholds]


Internal pipeline statistics summary:
-------------------------------------
Query model(s):                            1  (50 nodes)
Target sequences:                          7  (1137 residues searched)
Passed MSV filter:                         0  (0); expected 0.1 (0.02)
Passed bias filter:                        0  (0); expected 0.1 (0.02)
Passed Vit filter:                         0  (0); expected 0.0 (0.001)
Passed Fwd filter:                         0  (0); expected 0.0 (1e-05)
Initial search space (Z):              65245  [as set by --Z on cmdline]
Domain search space  (domZ):               0  [number of targets reported over threshold]
# CPU time: 0.00u 0.00s 00:00:00.00 Elapsed: 00:00:00.00
# Mc/sec: 80.97
//
[ok]
